app/build/intermediates/manifest_merge_blame_file/debug/manifest-merger-blame-debug-report.txt
1<?xml version="1.0" encoding="utf-8"?>
2<manifest xmlns:android="http://schemas.android.com/apk/res/android"
3    package="com.example.miwokcopy"
4    android:versionCode="1"
5    android:versionName="1.0" >
6
7    <uses-sdk
8        android:minSdkVersion="15"
8-->src/main/AndroidManifest.xml
9        android:targetSdkVersion="28" />
9-->src/main/AndroidManifest.xml
10
11    <application
11-->src/main/AndroidManifest.xml:5:5-56:19
12        android:allowBackup="true"
12-->src/main/AndroidManifest.xml:6:9-35
13        android:appComponentFactory="androidx.core.app.CoreComponentFactory"
13-->[androidx.core:core:1.1.0] AndroidManifest.xml:24:18-86
14        android:debuggable="true"
15        android:icon="@mipmap/ic_launcher"
15-->src/main/AndroidManifest.xml:7:9-43
16        android:label="@string/app_name"
16-->src/main/AndroidManifest.xml:8:9-41
17        android:roundIcon="@mipmap/ic_launcher_round"
17-->src/main/AndroidManifest.xml:9:9-54
18        android:supportsRtl="true"
18-->src/main/AndroidManifest.xml:10:9-35
19        android:testOnly="true"
20        android:theme="@style/AppTheme" >
20-->src/main/AndroidManifest.xml:11:9-40
21        <activity android:name="com.example.miwokcopy.MainActivity" >
21-->src/main/AndroidManifest.xml:13:9-19:20
21-->src/main/AndroidManifest.xml:13:19-47
22            <intent-filter>
22-->src/main/AndroidManifest.xml:14:13-18:29
23                <action android:name="android.intent.action.MAIN" />
23-->src/main/AndroidManifest.xml:15:17-69
23-->src/main/AndroidManifest.xml:15:25-66
24
25                <category android:name="android.intent.category.LAUNCHER" />
25-->src/main/AndroidManifest.xml:17:17-77
25-->src/main/AndroidManifest.xml:17:27-74
26            </intent-filter>
27        </activity>
28        <activity
28-->src/main/AndroidManifest.xml:21:9-28:20
29            android:name="com.example.miwokcopy.NumbersActivity"
29-->src/main/AndroidManifest.xml:21:19-50
30            android:label="@string/category_numbers"
30-->src/main/AndroidManifest.xml:22:13-53
31            android:parentActivityName="com.example.miwokcopy.MainActivity" >
31-->src/main/AndroidManifest.xml:23:13-55
32
33            <!-- Parent activity meta-data to support 4.0 and lower -->
34            <meta-data
34-->src/main/AndroidManifest.xml:25:13-27:48
35                android:name="android.support.PARENT_ACTIVITY"
35-->src/main/AndroidManifest.xml:26:17-63
36                android:value=".MainActivity" />
36-->src/main/AndroidManifest.xml:27:17-46
37        </activity>
38        <activity
38-->src/main/AndroidManifest.xml:30:9-37:20
39            android:name="com.example.miwokcopy.ColorsActivity"
39-->src/main/AndroidManifest.xml:30:19-49
40            android:label="@string/category_colors"
40-->src/main/AndroidManifest.xml:31:13-52
41            android:parentActivityName="com.example.miwokcopy.MainActivity" >
41-->src/main/AndroidManifest.xml:32:13-55
42
43            <!-- Parent activity meta-data to support 4.0 and lower -->
44            <meta-data
44-->src/main/AndroidManifest.xml:25:13-27:48
45                android:name="android.support.PARENT_ACTIVITY"
45-->src/main/AndroidManifest.xml:26:17-63
46                android:value=".MainActivity" />
46-->src/main/AndroidManifest.xml:27:17-46
47        </activity>
48        <activity
48-->src/main/AndroidManifest.xml:39:9-46:20
49            android:name="com.example.miwokcopy.FamilyActivity"
49-->src/main/AndroidManifest.xml:39:19-49
50            android:label="@string/category_family"
50-->src/main/AndroidManifest.xml:40:13-52
51            android:parentActivityName="com.example.miwokcopy.MainActivity" >
51-->src/main/AndroidManifest.xml:41:13-55
52
53            <!-- Parent activity meta-data to support 4.0 and lower -->
54            <meta-data
54-->src/main/AndroidManifest.xml:25:13-27:48
55                android:name="android.support.PARENT_ACTIVITY"
55-->src/main/AndroidManifest.xml:26:17-63
56                android:value=".MainActivity" />
56-->src/main/AndroidManifest.xml:27:17-46
57        </activity>
58        <activity
58-->src/main/AndroidManifest.xml:48:9-55:20
59            android:name="com.example.miwokcopy.PhrasesActivity"
59-->src/main/AndroidManifest.xml:48:19-50
60            android:label="@string/category_phrases"
60-->src/main/AndroidManifest.xml:49:13-53
61            android:parentActivityName="com.example.miwokcopy.MainActivity" >
61-->src/main/AndroidManifest.xml:50:13-55
62
63            <!-- Parent activity meta-data to support 4.0 and lower -->
64            <meta-data
64-->src/main/AndroidManifest.xml:25:13-27:48
65                android:name="android.support.PARENT_ACTIVITY"
65-->src/main/AndroidManifest.xml:26:17-63
66                android:value=".MainActivity" />
66-->src/main/AndroidManifest.xml:27:17-46
67        </activity>
68    </application>
69
70</manifest>